app/build/intermediates/manifest_merge_blame_file/debug/manifest-merger-blame-debug-report.txt
1<?xml version="1.0" encoding="utf-8"?>
2<manifest xmlns:android="http://schemas.android.com/apk/res/android"
3    package="com.example.snackordering"
4    android:versionCode="1"
5    android:versionName="1.0" >
6
7    <uses-sdk
8        android:minSdkVersion="22"
8-->src\main\AndroidManifest.xml
9        android:targetSdkVersion="33" />
9-->src\main\AndroidManifest.xml
10
11    <application
11-->src\main\AndroidManifest.xml:5:5-51:19
12        android:allowBackup="true"
12-->src\main\AndroidManifest.xml:6:9-35
13        android:appComponentFactory="androidx.core.app.CoreComponentFactory"
13-->[androidx.core:core:1.7.0] AndroidManifest.xml:24:18-86
14        android:dataExtractionRules="@xml/data_extraction_rules"
14-->src\main\AndroidManifest.xml:7:9-65
15        android:debuggable="true"
16        android:fullBackupContent="@xml/backup_rules"
16-->src\main\AndroidManifest.xml:8:9-54
17        android:icon="@drawable/fast_food"
17-->src\main\AndroidManifest.xml:9:9-43
18        android:label="@string/app_name"
18-->src\main\AndroidManifest.xml:10:9-41
19        android:supportsRtl="true"
19-->src\main\AndroidManifest.xml:11:9-35
20        android:testOnly="true"
21        android:theme="@style/Theme.SnackOrdering" >
21-->src\main\AndroidManifest.xml:12:9-51
22        <activity
22-->src\main\AndroidManifest.xml:14:9-18:58
23            android:name="com.example.snackordering.AdminActivity"
23-->src\main\AndroidManifest.xml:15:13-42
24            android:exported="false"
24-->src\main\AndroidManifest.xml:16:13-37
25            android:label="@string/title_activity_admin"
25-->src\main\AndroidManifest.xml:17:13-57
26            android:theme="@style/Theme.SnackOrdering" />
26-->src\main\AndroidManifest.xml:18:13-55
27        <activity
27-->src\main\AndroidManifest.xml:19:9-23:58
28            android:name="com.example.snackordering.RegisterActivity"
28-->src\main\AndroidManifest.xml:20:13-45
29            android:exported="true"
29-->src\main\AndroidManifest.xml:21:13-36
30            android:label="RegisterActivity"
30-->src\main\AndroidManifest.xml:22:13-45
31            android:theme="@style/Theme.SnackOrdering" />
31-->src\main\AndroidManifest.xml:23:13-55
32        <activity
32-->src\main\AndroidManifest.xml:25:9-35:20
33            android:name="com.example.snackordering.LoginActivity"
33-->src\main\AndroidManifest.xml:26:13-42
34            android:exported="true"
34-->src\main\AndroidManifest.xml:27:13-36
35            android:label="SnackSquad"
35-->src\main\AndroidManifest.xml:28:13-39
36            android:theme="@style/Theme.SnackOrdering" >
36-->src\main\AndroidManifest.xml:29:13-55
37            <intent-filter>
37-->src\main\AndroidManifest.xml:30:13-34:29
38                <action android:name="android.intent.action.MAIN" />
38-->src\main\AndroidManifest.xml:31:17-69
38-->src\main\AndroidManifest.xml:31:25-66
39
40                <category android:name="android.intent.category.LAUNCHER" />
40-->src\main\AndroidManifest.xml:33:17-77
40-->src\main\AndroidManifest.xml:33:27-74
41            </intent-filter>
42        </activity>
43        <activity
43-->src\main\AndroidManifest.xml:36:9-40:58
44            android:name="com.example.snackordering.TargetActivity"
44-->src\main\AndroidManifest.xml:37:13-43
45            android:exported="false"
45-->src\main\AndroidManifest.xml:38:13-37
46            android:label="@string/title_activity_target"
46-->src\main\AndroidManifest.xml:39:13-58
47            android:theme="@style/Theme.SnackOrdering" />
47-->src\main\AndroidManifest.xml:40:13-55
48        <activity
48-->src\main\AndroidManifest.xml:41:9-45:58
49            android:name="com.example.snackordering.MainPage"
49-->src\main\AndroidManifest.xml:42:13-37
50            android:exported="false"
50-->src\main\AndroidManifest.xml:43:13-37
51            android:label="@string/title_activity_main_page"
51-->src\main\AndroidManifest.xml:44:13-61
52            android:theme="@style/Theme.SnackOrdering" />
52-->src\main\AndroidManifest.xml:45:13-55
53        <activity
53-->src\main\AndroidManifest.xml:46:9-50:58
54            android:name="com.example.snackordering.MainActivity"
54-->src\main\AndroidManifest.xml:47:13-41
55            android:exported="false"
55-->src\main\AndroidManifest.xml:48:13-37
56            android:label="MainActivity"
56-->src\main\AndroidManifest.xml:49:13-41
57            android:theme="@style/Theme.SnackOrdering" />
57-->src\main\AndroidManifest.xml:50:13-55
58
59        <service
59-->[androidx.room:room-runtime:2.5.0] AndroidManifest.xml:24:9-28:63
60            android:name="androidx.room.MultiInstanceInvalidationService"
60-->[androidx.room:room-runtime:2.5.0] AndroidManifest.xml:25:13-74
61            android:directBootAware="true"
61-->[androidx.room:room-runtime:2.5.0] AndroidManifest.xml:26:13-43
62            android:exported="false" />
62-->[androidx.room:room-runtime:2.5.0] AndroidManifest.xml:27:13-37
63
64        <activity
64-->[androidx.compose.ui:ui-tooling:1.2.0] AndroidManifest.xml:24:9-26:39
65            android:name="androidx.compose.ui.tooling.PreviewActivity"
65-->[androidx.compose.ui:ui-tooling:1.2.0] AndroidManifest.xml:25:13-71
66            android:exported="true" />
66-->[androidx.compose.ui:ui-tooling:1.2.0] AndroidManifest.xml:26:13-36
67        <activity
67-->[androidx.compose.ui:ui-test-manifest:1.2.0] AndroidManifest.xml:24:9-26:39
68            android:name="androidx.activity.ComponentActivity"
68-->[androidx.compose.ui:ui-test-manifest:1.2.0] AndroidManifest.xml:25:13-63
69            android:exported="true" />
69-->[androidx.compose.ui:ui-test-manifest:1.2.0] AndroidManifest.xml:26:13-36
70
71        <provider
71-->[androidx.profileinstaller:profileinstaller:1.2.0] AndroidManifest.xml:25:9-33:20
72            android:name="androidx.startup.InitializationProvider"
72-->[androidx.profileinstaller:profileinstaller:1.2.0] AndroidManifest.xml:26:13-67
73            android:authorities="com.example.snackordering.androidx-startup"
73-->[androidx.profileinstaller:profileinstaller:1.2.0] AndroidManifest.xml:27:13-68
74            android:exported="false" >
74-->[androidx.profileinstaller:profileinstaller:1.2.0] AndroidManifest.xml:28:13-37
75            <meta-data
75-->[androidx.profileinstaller:profileinstaller:1.2.0] AndroidManifest.xml:30:13-32:52
76                android:name="androidx.profileinstaller.ProfileInstallerInitializer"
76-->[androidx.profileinstaller:profileinstaller:1.2.0] AndroidManifest.xml:31:17-85
77                android:value="androidx.startup" />
77-->[androidx.profileinstaller:profileinstaller:1.2.0] AndroidManifest.xml:32:17-49
78        </provider>
79
80        <receiver
80-->[androidx.profileinstaller:profileinstaller:1.2.0] AndroidManifest.xml:35:9-47:20
81            android:name="androidx.profileinstaller.ProfileInstallReceiver"
81-->[androidx.profileinstaller:profileinstaller:1.2.0] AndroidManifest.xml:36:13-76
82            android:directBootAware="false"
82-->[androidx.profileinstaller:profileinstaller:1.2.0] AndroidManifest.xml:37:13-44
83            android:enabled="true"
83-->[androidx.profileinstaller:profileinstaller:1.2.0] AndroidManifest.xml:38:13-35
84            android:exported="true"
84-->[androidx.profileinstaller:profileinstaller:1.2.0] AndroidManifest.xml:39:13-36
85            android:permission="android.permission.DUMP" >
85-->[androidx.profileinstaller:profileinstaller:1.2.0] AndroidManifest.xml:40:13-57
86            <intent-filter>
86-->[androidx.profileinstaller:profileinstaller:1.2.0] AndroidManifest.xml:41:13-43:29
87                <action android:name="androidx.profileinstaller.action.INSTALL_PROFILE" />
87-->[androidx.profileinstaller:profileinstaller:1.2.0] AndroidManifest.xml:42:17-91
87-->[androidx.profileinstaller:profileinstaller:1.2.0] AndroidManifest.xml:42:25-88
88            </intent-filter>
89            <intent-filter>
89-->[androidx.profileinstaller:profileinstaller:1.2.0] AndroidManifest.xml:44:13-46:29
90                <action android:name="androidx.profileinstaller.action.SKIP_FILE" />
90-->[androidx.profileinstaller:profileinstaller:1.2.0] AndroidManifest.xml:45:17-85
90-->[androidx.profileinstaller:profileinstaller:1.2.0] AndroidManifest.xml:45:25-82
91            </intent-filter>
92        </receiver>
93    </application>
94
95</manifest>